[
  {
    "type": "log",
    "text": "✅ Trading config fetched from backend",
    "timestamp": 1764844020493
  },
  {
    "type": "log",
    "text": "✅ Portfolio snapshot loaded (background refresh started)",
    "timestamp": 1764844025505
  },
  {
    "type": "log",
    "text": "✅ Data source status fetched from backend",
    "timestamp": 1764844025536
  },
  {
    "type": "log",
    "text": "✅ Open orders snapshot loaded (background refresh started)",
    "timestamp": 1764844026143
  },
  {
    "type": "log",
    "text": "✅ Executed orders fetched from backend",
    "timestamp": 1764844034411
  }
]